<?xml version="1.0" encoding="utf-8"?><testsuites><testsuite name="pytest" errors="0" failures="0" skipped="0" tests="4" time="0.304" timestamp="2024-05-28T14:20:59.735535" hostname="kalema"><testcase classname="tests.test_common_methods" name="test_read_yaml_valid_file" time="0.004" /><testcase classname="tests.test_common_methods" name="test_read_yaml_nonexistent_file" time="0.001" /><testcase classname="tests.test_common_methods" name="test_encodeImageIntoBase64" time="0.019" /><testcase classname="tests.test_common_methods" name="test_decodeImage" time="0.004" /></testsuite></testsuites>